# Logfile created on 2026-01-01 13:43:11 +0000 by logger.rb/v1.7.0
[2026-01-01T13:43:11+00:00] INFO: Started Cinc Zero at chefzero://localhost:1 with repository at /opt/gitlab/embedded (One version per cookbook)
[2026-01-01T13:43:11+00:00] INFO: *** Cinc Client 18.3.0 ***
[2026-01-01T13:43:11+00:00] INFO: Platform: x86_64-linux
[2026-01-01T13:43:11+00:00] INFO: Cinc-client pid: 39
[2026-01-01T13:43:12+00:00] INFO: Setting the run_list to ["recipe[gitlab-base]"] from CLI options
[2026-01-01T13:43:12+00:00] INFO: Run List is [recipe[gitlab-base]]
[2026-01-01T13:43:12+00:00] INFO: Run List expands to [gitlab-base]
[2026-01-01T13:43:12+00:00] INFO: Starting Cinc Client Run for localhost
[2026-01-01T13:43:12+00:00] INFO: Running start handlers
[2026-01-01T13:43:12+00:00] INFO: Start handlers complete.
[2026-01-01T13:43:13+00:00] INFO: Loading cookbooks [gitlab-base@0.1.0, package@0.1.0, gitlab@0.0.1, runit@5.1.7, logrotate@0.1.0, postgresql@0.1.0, redis@0.1.0, monitoring@0.1.0, registry@0.1.0, mattermost@0.1.0, consul@0.1.0, gitaly@0.1.0, praefect@0.1.0, gitlab-kas@0.1.0, gitlab-pages@0.1.0, letsencrypt@0.1.0, nginx@0.1.0, acme@4.1.8, crond@0.1.0]
[2026-01-01T13:43:14+00:00] INFO: Generating default secrets
[2026-01-01T13:43:15+00:00] INFO: Generating /etc/gitlab/gitlab-secrets.json file
[2026-01-01T13:43:16+00:00] INFO: directory[/etc/gitlab] mode changed to 775
[2026-01-01T13:43:16+00:00] WARN: gitlab-rails does not have a log_group or default logdir mode defined. Setting to 0700.
[2026-01-01T13:43:16+00:00] INFO: Skipped selecting an init system because it was explicitly disabled
[2026-01-01T13:43:16+00:00] WARN: gitlab-shell does not have a log_group or default logdir mode defined. Setting to 0700.
[2026-01-01T13:43:16+00:00] WARN: gitlab-sshd does not have a log_group or default logdir mode defined. Setting to 0700.
[2026-01-01T13:43:16+00:00] WARN: logrotate does not have a log_group or default logdir mode defined. Setting to 0700.
[2026-01-01T13:43:16+00:00] WARN: logrotate does not have a log_group or default logdir mode defined. Setting to 0700.
[2026-01-01T13:43:16+00:00] WARN: puma does not have a log_group or default logdir mode defined. Setting to 0700.
[2026-01-01T13:43:16+00:00] WARN: gitlab-rails does not have a log_group or default logdir mode defined. Setting to 0700.
[2026-01-01T13:43:16+00:00] WARN: gitlab-shell does not have a log_group or default logdir mode defined. Setting to 0700.
[2026-01-01T13:43:16+00:00] WARN: gitlab-workhorse does not have a log_group or default logdir mode defined. Setting to 0700.
[2026-01-01T13:43:16+00:00] WARN: gitlab-pages does not have a log_group or default logdir mode defined. Setting to 0700.
[2026-01-01T13:43:16+00:00] WARN: gitlab-kas does not have a log_group or default logdir mode defined. Setting to 0700.
[2026-01-01T13:43:16+00:00] WARN: gitaly does not have a log_group or default logdir mode defined. Setting to 0700.
[2026-01-01T13:43:16+00:00] WARN: mailroom does not have a log_group or default logdir mode defined. Setting to 0700.
[2026-01-01T13:43:16+00:00] WARN: gitaly does not have a log_group or default logdir mode defined. Setting to 0700.
[2026-01-01T13:43:16+00:00] WARN: postgresql does not have a log_group or default logdir mode defined. Setting to 0700.
[2026-01-01T13:43:16+00:00] WARN: postgresql does not have a log_group or default logdir mode defined. Setting to 0700.
[2026-01-01T13:43:16+00:00] WARN: gitlab-kas does not have a log_group or default logdir mode defined. Setting to 0700.
[2026-01-01T13:43:16+00:00] WARN: puma does not have a log_group or default logdir mode defined. Setting to 0700.
[2026-01-01T13:43:16+00:00] WARN: sidekiq does not have a log_group or default logdir mode defined. Setting to 0700.
[2026-01-01T13:43:16+00:00] WARN: gitlab-workhorse does not have a log_group or default logdir mode defined. Setting to 0700.
[2026-01-01T13:43:16+00:00] WARN: gitlab-exporter does not have a log_group or default logdir mode defined. Setting to 0700.
[2026-01-01T13:43:16+00:00] WARN: redis-exporter does not have a log_group or default logdir mode defined. Setting to 0700.
[2026-01-01T13:43:16+00:00] WARN: prometheus does not have a log_group or default logdir mode defined. Setting to 0700.
[2026-01-01T13:43:16+00:00] WARN: alertmanager does not have a log_group or default logdir mode defined. Setting to 0700.
[2026-01-01T13:43:16+00:00] WARN: postgres-exporter does not have a log_group or default logdir mode defined. Setting to 0700.
[2026-01-01T13:43:16+00:00] INFO: template[/var/opt/gitlab/.gitconfig] created file /var/opt/gitlab/.gitconfig
[2026-01-01T13:43:16+00:00] INFO: template[/var/opt/gitlab/.gitconfig] updated file contents /var/opt/gitlab/.gitconfig
[2026-01-01T13:43:16+00:00] INFO: template[/var/opt/gitlab/.gitconfig] owner changed to 998
[2026-01-01T13:43:16+00:00] INFO: template[/var/opt/gitlab/.gitconfig] group changed to 998
[2026-01-01T13:43:16+00:00] INFO: template[/var/opt/gitlab/.gitconfig] mode changed to 644
[2026-01-01T13:43:16+00:00] INFO: directory[/var/opt/gitlab/.bundle] created directory /var/opt/gitlab/.bundle
[2026-01-01T13:43:16+00:00] INFO: directory[/var/opt/gitlab/.bundle] owner changed to 998
[2026-01-01T13:43:16+00:00] INFO: directory[/var/opt/gitlab/.bundle] group changed to 998
[2026-01-01T13:43:17+00:00] INFO: ruby_block[directory resource: /var/opt/gitlab/git-data/repositories] called
[2026-01-01T13:43:17+00:00] INFO: ruby_block[directory resource: /var/opt/gitlab/gitlab-rails/shared] called
[2026-01-01T13:43:18+00:00] INFO: ruby_block[directory resource: /var/opt/gitlab/gitlab-rails/shared/pages] called
[2026-01-01T13:43:18+00:00] INFO: ruby_block[directory resource: /var/opt/gitlab/gitlab-rails/shared/artifacts] called
[2026-01-01T13:43:18+00:00] INFO: ruby_block[directory resource: /var/opt/gitlab/gitlab-rails/shared/external-diffs] called
[2026-01-01T13:43:18+00:00] INFO: ruby_block[directory resource: /var/opt/gitlab/gitlab-rails/shared/lfs-objects] called
[2026-01-01T13:43:18+00:00] INFO: ruby_block[directory resource: /var/opt/gitlab/gitlab-rails/shared/packages] called
[2026-01-01T13:43:18+00:00] INFO: ruby_block[directory resource: /var/opt/gitlab/gitlab-rails/shared/dependency_proxy] called
[2026-01-01T13:43:19+00:00] INFO: ruby_block[directory resource: /var/opt/gitlab/gitlab-rails/shared/terraform_state] called
[2026-01-01T13:43:19+00:00] INFO: ruby_block[directory resource: /var/opt/gitlab/gitlab-rails/shared/ci_secure_files] called
[2026-01-01T13:43:19+00:00] INFO: ruby_block[directory resource: /var/opt/gitlab/gitlab-rails/shared/encrypted_settings] called
[2026-01-01T13:43:20+00:00] INFO: ruby_block[directory resource: /var/opt/gitlab/gitlab-rails/uploads] called
[2026-01-01T13:43:20+00:00] INFO: ruby_block[directory resource: /var/opt/gitlab/gitlab-ci/builds] called
[2026-01-01T13:43:20+00:00] INFO: ruby_block[directory resource: /var/opt/gitlab/gitlab-rails/shared/cache] called
[2026-01-01T13:43:21+00:00] INFO: ruby_block[directory resource: /var/opt/gitlab/gitlab-rails/shared/tmp] called
[2026-01-01T13:43:21+00:00] INFO: directory[create /var/opt/gitlab/gitlab-rails/etc] created directory /var/opt/gitlab/gitlab-rails/etc
[2026-01-01T13:43:21+00:00] INFO: directory[create /var/opt/gitlab/gitlab-rails/etc] owner changed to 998
[2026-01-01T13:43:21+00:00] INFO: directory[create /var/opt/gitlab/gitlab-rails/etc] mode changed to 700
[2026-01-01T13:43:21+00:00] INFO: directory[create /var/opt/gitlab/gitlab-rails/working] created directory /var/opt/gitlab/gitlab-rails/working
[2026-01-01T13:43:21+00:00] INFO: directory[create /var/opt/gitlab/gitlab-rails/working] owner changed to 998
[2026-01-01T13:43:21+00:00] INFO: directory[create /var/opt/gitlab/gitlab-rails/working] mode changed to 700
[2026-01-01T13:43:21+00:00] INFO: directory[create /var/opt/gitlab/gitlab-rails/tmp] created directory /var/opt/gitlab/gitlab-rails/tmp
[2026-01-01T13:43:21+00:00] INFO: directory[create /var/opt/gitlab/gitlab-rails/tmp] owner changed to 998
[2026-01-01T13:43:21+00:00] INFO: directory[create /var/opt/gitlab/gitlab-rails/tmp] mode changed to 700
[2026-01-01T13:43:21+00:00] INFO: directory[create /var/opt/gitlab/gitlab-rails/upgrade-status] created directory /var/opt/gitlab/gitlab-rails/upgrade-status
[2026-01-01T13:43:21+00:00] INFO: directory[create /var/opt/gitlab/gitlab-rails/upgrade-status] owner changed to 998
[2026-01-01T13:43:21+00:00] INFO: directory[create /var/opt/gitlab/gitlab-rails/upgrade-status] mode changed to 700
[2026-01-01T13:43:21+00:00] INFO: directory[/var/log/gitlab/gitlab-rails] created directory /var/log/gitlab/gitlab-rails
[2026-01-01T13:43:21+00:00] INFO: directory[/var/log/gitlab/gitlab-rails] owner changed to 998
[2026-01-01T13:43:21+00:00] INFO: directory[/var/log/gitlab/gitlab-rails] mode changed to 700
[2026-01-01T13:43:21+00:00] INFO: ruby_block[directory resource: /var/opt/gitlab/backups] called
[2026-01-01T13:43:21+00:00] INFO: directory[/var/opt/gitlab/gitlab-rails] owner changed to 998
[2026-01-01T13:43:21+00:00] INFO: directory[/var/opt/gitlab/gitlab-ci] owner changed to 998
[2026-01-01T13:43:21+00:00] INFO: template[/var/opt/gitlab/gitlab-rails/etc/database.yml] created file /var/opt/gitlab/gitlab-rails/etc/database.yml
[2026-01-01T13:43:21+00:00] INFO: template[/var/opt/gitlab/gitlab-rails/etc/database.yml] updated file contents /var/opt/gitlab/gitlab-rails/etc/database.yml
[2026-01-01T13:43:21+00:00] INFO: template[/var/opt/gitlab/gitlab-rails/etc/database.yml] owner changed to 0
[2026-01-01T13:43:21+00:00] INFO: template[/var/opt/gitlab/gitlab-rails/etc/database.yml] group changed to 998
[2026-01-01T13:43:21+00:00] INFO: template[/var/opt/gitlab/gitlab-rails/etc/database.yml] mode changed to 640
[2026-01-01T13:43:21+00:00] INFO: template[/var/opt/gitlab/gitlab-rails/etc/click_house.yml] created file /var/opt/gitlab/gitlab-rails/etc/click_house.yml
[2026-01-01T13:43:21+00:00] INFO: template[/var/opt/gitlab/gitlab-rails/etc/click_house.yml] updated file contents /var/opt/gitlab/gitlab-rails/etc/click_house.yml
[2026-01-01T13:43:21+00:00] INFO: template[/var/opt/gitlab/gitlab-rails/etc/click_house.yml] owner changed to 0
[2026-01-01T13:43:21+00:00] INFO: template[/var/opt/gitlab/gitlab-rails/etc/click_house.yml] group changed to 998
[2026-01-01T13:43:21+00:00] INFO: template[/var/opt/gitlab/gitlab-rails/etc/click_house.yml] mode changed to 640
[2026-01-01T13:43:21+00:00] INFO: template[/var/opt/gitlab/gitlab-rails/etc/secrets.yml] created file /var/opt/gitlab/gitlab-rails/etc/secrets.yml
[2026-01-01T13:43:21+00:00] INFO: template[/var/opt/gitlab/gitlab-rails/etc/secrets.yml] updated file contents /var/opt/gitlab/gitlab-rails/etc/secrets.yml
[2026-01-01T13:43:21+00:00] INFO: template[/var/opt/gitlab/gitlab-rails/etc/secrets.yml] owner changed to 0
[2026-01-01T13:43:21+00:00] INFO: template[/var/opt/gitlab/gitlab-rails/etc/secrets.yml] group changed to 0
[2026-01-01T13:43:21+00:00] INFO: template[/var/opt/gitlab/gitlab-rails/etc/secrets.yml] mode changed to 644
[2026-01-01T13:43:21+00:00] INFO: template[/var/opt/gitlab/gitlab-rails/etc/resque.yml] created file /var/opt/gitlab/gitlab-rails/etc/resque.yml
[2026-01-01T13:43:21+00:00] INFO: template[/var/opt/gitlab/gitlab-rails/etc/resque.yml] updated file contents /var/opt/gitlab/gitlab-rails/etc/resque.yml
[2026-01-01T13:43:21+00:00] INFO: template[/var/opt/gitlab/gitlab-rails/etc/resque.yml] owner changed to 0
[2026-01-01T13:43:21+00:00] INFO: template[/var/opt/gitlab/gitlab-rails/etc/resque.yml] group changed to 0
[2026-01-01T13:43:21+00:00] INFO: template[/var/opt/gitlab/gitlab-rails/etc/resque.yml] mode changed to 644
[2026-01-01T13:43:21+00:00] INFO: template[/var/opt/gitlab/gitlab-rails/etc/redis.yml] created file /var/opt/gitlab/gitlab-rails/etc/redis.yml
[2026-01-01T13:43:21+00:00] INFO: template[/var/opt/gitlab/gitlab-rails/etc/redis.yml] updated file contents /var/opt/gitlab/gitlab-rails/etc/redis.yml
[2026-01-01T13:43:21+00:00] INFO: template[/var/opt/gitlab/gitlab-rails/etc/redis.yml] owner changed to 0
[2026-01-01T13:43:21+00:00] INFO: template[/var/opt/gitlab/gitlab-rails/etc/redis.yml] group changed to 0
[2026-01-01T13:43:21+00:00] INFO: template[/var/opt/gitlab/gitlab-rails/etc/redis.yml] mode changed to 644
[2026-01-01T13:43:21+00:00] INFO: template[/var/opt/gitlab/gitlab-rails/etc/cable.yml] created file /var/opt/gitlab/gitlab-rails/etc/cable.yml
[2026-01-01T13:43:21+00:00] INFO: template[/var/opt/gitlab/gitlab-rails/etc/cable.yml] updated file contents /var/opt/gitlab/gitlab-rails/etc/cable.yml
[2026-01-01T13:43:21+00:00] INFO: template[/var/opt/gitlab/gitlab-rails/etc/cable.yml] owner changed to 0
[2026-01-01T13:43:21+00:00] INFO: template[/var/opt/gitlab/gitlab-rails/etc/cable.yml] group changed to 0
[2026-01-01T13:43:21+00:00] INFO: template[/var/opt/gitlab/gitlab-rails/etc/cable.yml] mode changed to 644
[2026-01-01T13:43:21+00:00] INFO: template[/var/opt/gitlab/gitlab-rails/etc/session_store.yml] created file /var/opt/gitlab/gitlab-rails/etc/session_store.yml
[2026-01-01T13:43:21+00:00] INFO: template[/var/opt/gitlab/gitlab-rails/etc/session_store.yml] updated file contents /var/opt/gitlab/gitlab-rails/etc/session_store.yml
[2026-01-01T13:43:21+00:00] INFO: template[/var/opt/gitlab/gitlab-rails/etc/session_store.yml] owner changed to 0
[2026-01-01T13:43:21+00:00] INFO: template[/var/opt/gitlab/gitlab-rails/etc/session_store.yml] group changed to 998
[2026-01-01T13:43:21+00:00] INFO: template[/var/opt/gitlab/gitlab-rails/etc/session_store.yml] mode changed to 640
[2026-01-01T13:43:21+00:00] INFO: template[/var/opt/gitlab/gitlab-rails/etc/gitlab.yml] created file /var/opt/gitlab/gitlab-rails/etc/gitlab.yml
[2026-01-01T13:43:21+00:00] INFO: template[/var/opt/gitlab/gitlab-rails/etc/gitlab.yml] updated file contents /var/opt/gitlab/gitlab-rails/etc/gitlab.yml
[2026-01-01T13:43:21+00:00] INFO: template[/var/opt/gitlab/gitlab-rails/etc/gitlab.yml] owner changed to 0
[2026-01-01T13:43:21+00:00] INFO: template[/var/opt/gitlab/gitlab-rails/etc/gitlab.yml] group changed to 998
[2026-01-01T13:43:21+00:00] INFO: template[/var/opt/gitlab/gitlab-rails/etc/gitlab.yml] mode changed to 640
[2026-01-01T13:43:21+00:00] INFO: template[/var/opt/gitlab/gitlab-rails/etc/gitlab_workhorse_secret] created file /var/opt/gitlab/gitlab-rails/etc/gitlab_workhorse_secret
[2026-01-01T13:43:21+00:00] INFO: template[/var/opt/gitlab/gitlab-rails/etc/gitlab_workhorse_secret] updated file contents /var/opt/gitlab/gitlab-rails/etc/gitlab_workhorse_secret
[2026-01-01T13:43:21+00:00] INFO: template[/var/opt/gitlab/gitlab-rails/etc/gitlab_workhorse_secret] owner changed to 0
[2026-01-01T13:43:21+00:00] INFO: template[/var/opt/gitlab/gitlab-rails/etc/gitlab_workhorse_secret] group changed to 0
[2026-01-01T13:43:21+00:00] INFO: template[/var/opt/gitlab/gitlab-rails/etc/gitlab_workhorse_secret] mode changed to 644
[2026-01-01T13:43:21+00:00] INFO: template[/var/opt/gitlab/gitlab-rails/etc/gitlab_shell_secret] created file /var/opt/gitlab/gitlab-rails/etc/gitlab_shell_secret
[2026-01-01T13:43:21+00:00] INFO: template[/var/opt/gitlab/gitlab-rails/etc/gitlab_shell_secret] updated file contents /var/opt/gitlab/gitlab-rails/etc/gitlab_shell_secret
[2026-01-01T13:43:21+00:00] INFO: template[/var/opt/gitlab/gitlab-rails/etc/gitlab_shell_secret] owner changed to 0
[2026-01-01T13:43:21+00:00] INFO: template[/var/opt/gitlab/gitlab-rails/etc/gitlab_shell_secret] group changed to 0
[2026-01-01T13:43:21+00:00] INFO: template[/var/opt/gitlab/gitlab-rails/etc/gitlab_shell_secret] mode changed to 644
[2026-01-01T13:43:21+00:00] WARN: only_if block for templatesymlink[Create a gitlab_pages_secret and create a symlink to Rails root] returned a string, did you mean to run a command?
[2026-01-01T13:43:21+00:00] INFO: template[/var/opt/gitlab/gitlab-rails/etc/gitlab_pages_secret] created file /var/opt/gitlab/gitlab-rails/etc/gitlab_pages_secret
[2026-01-01T13:43:21+00:00] INFO: template[/var/opt/gitlab/gitlab-rails/etc/gitlab_pages_secret] updated file contents /var/opt/gitlab/gitlab-rails/etc/gitlab_pages_secret
[2026-01-01T13:43:21+00:00] INFO: template[/var/opt/gitlab/gitlab-rails/etc/gitlab_pages_secret] owner changed to 0
[2026-01-01T13:43:21+00:00] INFO: template[/var/opt/gitlab/gitlab-rails/etc/gitlab_pages_secret] group changed to 0
[2026-01-01T13:43:21+00:00] INFO: template[/var/opt/gitlab/gitlab-rails/etc/gitlab_pages_secret] mode changed to 644
[2026-01-01T13:43:21+00:00] WARN: only_if block for templatesymlink[Create a gitlab_kas_secret and create a symlink to Rails root] returned a string, did you mean to run a command?
[2026-01-01T13:43:21+00:00] INFO: template[/var/opt/gitlab/gitlab-rails/etc/gitlab_kas_secret] created file /var/opt/gitlab/gitlab-rails/etc/gitlab_kas_secret
[2026-01-01T13:43:21+00:00] INFO: template[/var/opt/gitlab/gitlab-rails/etc/gitlab_kas_secret] updated file contents /var/opt/gitlab/gitlab-rails/etc/gitlab_kas_secret
[2026-01-01T13:43:21+00:00] INFO: template[/var/opt/gitlab/gitlab-rails/etc/gitlab_kas_secret] owner changed to 0
[2026-01-01T13:43:21+00:00] INFO: template[/var/opt/gitlab/gitlab-rails/etc/gitlab_kas_secret] group changed to 0
[2026-01-01T13:43:21+00:00] INFO: template[/var/opt/gitlab/gitlab-rails/etc/gitlab_kas_secret] mode changed to 644
[2026-01-01T13:43:21+00:00] INFO: remote_file[/var/opt/gitlab/gitlab-rails/VERSION] created file /var/opt/gitlab/gitlab-rails/VERSION
[2026-01-01T13:43:21+00:00] INFO: remote_file[/var/opt/gitlab/gitlab-rails/VERSION] updated file contents /var/opt/gitlab/gitlab-rails/VERSION
[2026-01-01T13:43:21+00:00] INFO: remote_file[/var/opt/gitlab/gitlab-rails/REVISION] created file /var/opt/gitlab/gitlab-rails/REVISION
[2026-01-01T13:43:21+00:00] INFO: remote_file[/var/opt/gitlab/gitlab-rails/REVISION] updated file contents /var/opt/gitlab/gitlab-rails/REVISION
[2026-01-01T13:43:21+00:00] INFO: file[/var/opt/gitlab/gitlab-rails/RUBY_VERSION] created file /var/opt/gitlab/gitlab-rails/RUBY_VERSION
[2026-01-01T13:43:21+00:00] INFO: file[/var/opt/gitlab/gitlab-rails/RUBY_VERSION] updated file contents /var/opt/gitlab/gitlab-rails/RUBY_VERSION
[2026-01-01T13:43:21+00:00] INFO: directory[/etc/gitlab/trusted-certs] created directory /etc/gitlab/trusted-certs
[2026-01-01T13:43:21+00:00] INFO: directory[/etc/gitlab/trusted-certs] mode changed to 755
[2026-01-01T13:43:21+00:00] INFO: ruby_block[Move existing certs and link to /opt/gitlab/embedded/ssl/certs] called
[2026-01-01T13:43:22+00:00] INFO: ruby_block[directory resource: /var/opt/gitlab/.ssh] called
[2026-01-01T13:43:22+00:00] INFO: directory[/var/opt/gitlab/gitlab-shell] created directory /var/opt/gitlab/gitlab-shell
[2026-01-01T13:43:22+00:00] INFO: directory[/var/opt/gitlab/gitlab-shell] owner changed to 998
[2026-01-01T13:43:22+00:00] INFO: directory[/var/opt/gitlab/gitlab-shell] mode changed to 700
[2026-01-01T13:43:22+00:00] INFO: directory[/var/log/gitlab/gitlab-shell] created directory /var/log/gitlab/gitlab-shell
[2026-01-01T13:43:22+00:00] INFO: directory[/var/log/gitlab/gitlab-shell] owner changed to 998
[2026-01-01T13:43:22+00:00] INFO: directory[/var/log/gitlab/gitlab-shell] mode changed to 700
[2026-01-01T13:43:22+00:00] INFO: template[/var/opt/gitlab/gitlab-shell/config.yml] created file /var/opt/gitlab/gitlab-shell/config.yml
[2026-01-01T13:43:22+00:00] INFO: template[/var/opt/gitlab/gitlab-shell/config.yml] updated file contents /var/opt/gitlab/gitlab-shell/config.yml
[2026-01-01T13:43:22+00:00] INFO: template[/var/opt/gitlab/gitlab-shell/config.yml] owner changed to 0
[2026-01-01T13:43:22+00:00] INFO: template[/var/opt/gitlab/gitlab-shell/config.yml] group changed to 998
[2026-01-01T13:43:22+00:00] INFO: template[/var/opt/gitlab/gitlab-shell/config.yml] mode changed to 640
[2026-01-01T13:43:22+00:00] INFO: file[/var/opt/gitlab/.ssh/authorized_keys] created file /var/opt/gitlab/.ssh/authorized_keys
[2026-01-01T13:43:22+00:00] INFO: file[/var/opt/gitlab/.ssh/authorized_keys] owner changed to 998
[2026-01-01T13:43:22+00:00] INFO: file[/var/opt/gitlab/.ssh/authorized_keys] group changed to 998
[2026-01-01T13:43:22+00:00] INFO: file[/var/opt/gitlab/.ssh/authorized_keys] mode changed to 600
[2026-01-01T13:43:22+00:00] INFO: directory[/var/opt/gitlab/logrotate] created directory /var/opt/gitlab/logrotate
[2026-01-01T13:43:22+00:00] INFO: directory[/var/opt/gitlab/logrotate] mode changed to 700
[2026-01-01T13:43:22+00:00] INFO: directory[/var/opt/gitlab/logrotate/logrotate.d] created directory /var/opt/gitlab/logrotate/logrotate.d
[2026-01-01T13:43:22+00:00] INFO: directory[/var/opt/gitlab/logrotate/logrotate.d] mode changed to 700
[2026-01-01T13:43:22+00:00] INFO: directory[/var/log/gitlab/logrotate] created directory /var/log/gitlab/logrotate
[2026-01-01T13:43:22+00:00] INFO: directory[/var/log/gitlab/logrotate] owner changed to 0
[2026-01-01T13:43:22+00:00] INFO: directory[/var/log/gitlab/logrotate] mode changed to 700
[2026-01-01T13:43:22+00:00] INFO: template[/var/opt/gitlab/logrotate/logrotate.conf] created file /var/opt/gitlab/logrotate/logrotate.conf
[2026-01-01T13:43:22+00:00] INFO: template[/var/opt/gitlab/logrotate/logrotate.conf] updated file contents /var/opt/gitlab/logrotate/logrotate.conf
[2026-01-01T13:43:22+00:00] INFO: template[/var/opt/gitlab/logrotate/logrotate.conf] mode changed to 644
[2026-01-01T13:43:22+00:00] INFO: template[/var/opt/gitlab/logrotate/logrotate.d/nginx] created file /var/opt/gitlab/logrotate/logrotate.d/nginx
[2026-01-01T13:43:22+00:00] INFO: template[/var/opt/gitlab/logrotate/logrotate.d/nginx] updated file contents /var/opt/gitlab/logrotate/logrotate.d/nginx
[2026-01-01T13:43:22+00:00] INFO: template[/var/opt/gitlab/logrotate/logrotate.d/puma] created file /var/opt/gitlab/logrotate/logrotate.d/puma
[2026-01-01T13:43:22+00:00] INFO: template[/var/opt/gitlab/logrotate/logrotate.d/puma] updated file contents /var/opt/gitlab/logrotate/logrotate.d/puma
[2026-01-01T13:43:22+00:00] INFO: template[/var/opt/gitlab/logrotate/logrotate.d/gitlab-rails] created file /var/opt/gitlab/logrotate/logrotate.d/gitlab-rails
[2026-01-01T13:43:22+00:00] INFO: template[/var/opt/gitlab/logrotate/logrotate.d/gitlab-rails] updated file contents /var/opt/gitlab/logrotate/logrotate.d/gitlab-rails
[2026-01-01T13:43:22+00:00] INFO: template[/var/opt/gitlab/logrotate/logrotate.d/gitlab-shell] created file /var/opt/gitlab/logrotate/logrotate.d/gitlab-shell
[2026-01-01T13:43:22+00:00] INFO: template[/var/opt/gitlab/logrotate/logrotate.d/gitlab-shell] updated file contents /var/opt/gitlab/logrotate/logrotate.d/gitlab-shell
[2026-01-01T13:43:22+00:00] INFO: template[/var/opt/gitlab/logrotate/logrotate.d/gitlab-workhorse] created file /var/opt/gitlab/logrotate/logrotate.d/gitlab-workhorse
[2026-01-01T13:43:22+00:00] INFO: template[/var/opt/gitlab/logrotate/logrotate.d/gitlab-workhorse] updated file contents /var/opt/gitlab/logrotate/logrotate.d/gitlab-workhorse
[2026-01-01T13:43:22+00:00] INFO: template[/var/opt/gitlab/logrotate/logrotate.d/gitlab-pages] created file /var/opt/gitlab/logrotate/logrotate.d/gitlab-pages
[2026-01-01T13:43:22+00:00] INFO: template[/var/opt/gitlab/logrotate/logrotate.d/gitlab-pages] updated file contents /var/opt/gitlab/logrotate/logrotate.d/gitlab-pages
[2026-01-01T13:43:22+00:00] INFO: template[/var/opt/gitlab/logrotate/logrotate.d/gitlab-kas] created file /var/opt/gitlab/logrotate/logrotate.d/gitlab-kas
[2026-01-01T13:43:22+00:00] INFO: template[/var/opt/gitlab/logrotate/logrotate.d/gitlab-kas] updated file contents /var/opt/gitlab/logrotate/logrotate.d/gitlab-kas
[2026-01-01T13:43:22+00:00] INFO: template[/var/opt/gitlab/logrotate/logrotate.d/gitaly] created file /var/opt/gitlab/logrotate/logrotate.d/gitaly
[2026-01-01T13:43:22+00:00] INFO: template[/var/opt/gitlab/logrotate/logrotate.d/gitaly] updated file contents /var/opt/gitlab/logrotate/logrotate.d/gitaly
[2026-01-01T13:43:22+00:00] INFO: template[/var/opt/gitlab/logrotate/logrotate.d/mailroom] created file /var/opt/gitlab/logrotate/logrotate.d/mailroom
[2026-01-01T13:43:22+00:00] INFO: template[/var/opt/gitlab/logrotate/logrotate.d/mailroom] updated file contents /var/opt/gitlab/logrotate/logrotate.d/mailroom
[2026-01-01T13:43:22+00:00] INFO: link[/var/log/gitlab/logrotate/config] created
[2026-01-01T13:43:22+00:00] INFO: link[/opt/gitlab/service/logrotate] created
[2026-01-01T13:43:23+00:00] INFO: Retrying execution of execute[/opt/gitlab/bin/gitlab-ctl start logrotate], 19 attempts left
[2026-01-01T13:43:25+00:00] INFO: execute[/opt/gitlab/bin/gitlab-ctl start logrotate] ran successfully
[2026-01-01T13:43:25+00:00] WARN: redis does not have a log_group or default logdir mode defined. Setting to 0700.
[2026-01-01T13:43:25+00:00] INFO: directory[/var/opt/gitlab/redis] created directory /var/opt/gitlab/redis
[2026-01-01T13:43:25+00:00] INFO: directory[/var/opt/gitlab/redis] owner changed to 997
[2026-01-01T13:43:25+00:00] INFO: directory[/var/opt/gitlab/redis] group changed to 998
[2026-01-01T13:43:25+00:00] INFO: directory[/var/opt/gitlab/redis] mode changed to 750
[2026-01-01T13:43:25+00:00] INFO: directory[/var/log/gitlab/redis] created directory /var/log/gitlab/redis
[2026-01-01T13:43:25+00:00] INFO: directory[/var/log/gitlab/redis] owner changed to 997
[2026-01-01T13:43:25+00:00] INFO: directory[/var/log/gitlab/redis] mode changed to 700
[2026-01-01T13:43:25+00:00] INFO: template[/var/opt/gitlab/redis/redis.conf] created file /var/opt/gitlab/redis/redis.conf
[2026-01-01T13:43:25+00:00] INFO: template[/var/opt/gitlab/redis/redis.conf] updated file contents /var/opt/gitlab/redis/redis.conf
[2026-01-01T13:43:25+00:00] INFO: template[/var/opt/gitlab/redis/redis.conf] owner changed to 997
[2026-01-01T13:43:25+00:00] INFO: template[/var/opt/gitlab/redis/redis.conf] mode changed to 644
[2026-01-01T13:43:25+00:00] INFO: link[/var/log/gitlab/redis/config] created
[2026-01-01T13:43:25+00:00] INFO: link[/opt/gitlab/service/redis] created
[2026-01-01T13:43:26+00:00] INFO: Retrying execution of execute[/opt/gitlab/bin/gitlab-ctl start redis], 19 attempts left
[2026-01-01T13:43:29+00:00] INFO: Retrying execution of execute[/opt/gitlab/bin/gitlab-ctl start redis], 18 attempts left
[2026-01-01T13:43:31+00:00] INFO: execute[/opt/gitlab/bin/gitlab-ctl start redis] ran successfully
[2026-01-01T13:43:31+00:00] INFO: directory[/var/opt/gitlab/gitaly] created directory /var/opt/gitlab/gitaly
[2026-01-01T13:43:31+00:00] INFO: directory[/var/opt/gitlab/gitaly] owner changed to 998
[2026-01-01T13:43:31+00:00] INFO: directory[/var/opt/gitlab/gitaly] mode changed to 700
[2026-01-01T13:43:31+00:00] INFO: directory[/var/opt/gitlab/gitaly/run] created directory /var/opt/gitlab/gitaly/run
[2026-01-01T13:43:31+00:00] INFO: directory[/var/opt/gitlab/gitaly/run] owner changed to 998
[2026-01-01T13:43:31+00:00] INFO: directory[/var/opt/gitlab/gitaly/run] mode changed to 700
[2026-01-01T13:43:31+00:00] INFO: directory[/var/log/gitlab/gitaly] created directory /var/log/gitlab/gitaly
[2026-01-01T13:43:31+00:00] INFO: directory[/var/log/gitlab/gitaly] owner changed to 998
[2026-01-01T13:43:31+00:00] INFO: directory[/var/log/gitlab/gitaly] mode changed to 700
[2026-01-01T13:43:31+00:00] INFO: file[/var/opt/gitlab/gitaly/.gitlab_secret] created file /var/opt/gitlab/gitaly/.gitlab_secret
[2026-01-01T13:43:31+00:00] INFO: file[/var/opt/gitlab/gitaly/.gitlab_secret] updated file contents /var/opt/gitlab/gitaly/.gitlab_secret
[2026-01-01T13:43:31+00:00] INFO: file[/var/opt/gitlab/gitaly/.gitlab_secret] owner changed to 0
[2026-01-01T13:43:31+00:00] INFO: file[/var/opt/gitlab/gitaly/.gitlab_secret] group changed to 0
[2026-01-01T13:43:31+00:00] INFO: file[/var/opt/gitlab/gitaly/.gitlab_secret] mode changed to 644
[2026-01-01T13:43:31+00:00] INFO: template[Create Gitaly config.toml] created file /var/opt/gitlab/gitaly/config.toml
[2026-01-01T13:43:31+00:00] INFO: template[Create Gitaly config.toml] updated file contents /var/opt/gitlab/gitaly/config.toml
[2026-01-01T13:43:31+00:00] INFO: template[Create Gitaly config.toml] owner changed to 0
[2026-01-01T13:43:31+00:00] INFO: template[Create Gitaly config.toml] group changed to 998
[2026-01-01T13:43:31+00:00] INFO: template[Create Gitaly config.toml] mode changed to 640
[2026-01-01T13:43:31+00:00] INFO: link[/var/log/gitlab/gitaly/config] created
[2026-01-01T13:43:31+00:00] INFO: link[/opt/gitlab/service/gitaly] created
[2026-01-01T13:43:32+00:00] INFO: Retrying execution of execute[/opt/gitlab/bin/gitlab-ctl start gitaly], 19 attempts left
[2026-01-01T13:43:35+00:00] INFO: execute[/opt/gitlab/bin/gitlab-ctl start gitaly] ran successfully
[2026-01-01T13:43:36+00:00] INFO: file[/var/opt/gitlab/gitaly/VERSION] created file /var/opt/gitlab/gitaly/VERSION
[2026-01-01T13:43:36+00:00] INFO: file[/var/opt/gitlab/gitaly/VERSION] updated file contents /var/opt/gitlab/gitaly/VERSION
[2026-01-01T13:43:36+00:00] INFO: ruby_block[Link postgresql bin files to the correct version] called
[2026-01-01T13:43:36+00:00] INFO: directory[/var/opt/gitlab/postgresql] created directory /var/opt/gitlab/postgresql
[2026-01-01T13:43:36+00:00] INFO: directory[/var/opt/gitlab/postgresql] owner changed to 996
[2026-01-01T13:43:36+00:00] INFO: directory[/var/opt/gitlab/postgresql] group changed to 996
[2026-01-01T13:43:36+00:00] INFO: directory[/var/opt/gitlab/postgresql] mode changed to 2775
[2026-01-01T13:43:36+00:00] INFO: file[/var/opt/gitlab/postgresql/.profile] created file /var/opt/gitlab/postgresql/.profile
[2026-01-01T13:43:36+00:00] INFO: file[/var/opt/gitlab/postgresql/.profile] updated file contents /var/opt/gitlab/postgresql/.profile
[2026-01-01T13:43:36+00:00] INFO: file[/var/opt/gitlab/postgresql/.profile] owner changed to 996
[2026-01-01T13:43:36+00:00] INFO: file[/var/opt/gitlab/postgresql/.profile] mode changed to 600
[2026-01-01T13:43:36+00:00] INFO: directory[/var/opt/gitlab/postgresql/data] created directory /var/opt/gitlab/postgresql/data
[2026-01-01T13:43:36+00:00] INFO: directory[/var/opt/gitlab/postgresql/data] owner changed to 996
[2026-01-01T13:43:36+00:00] INFO: directory[/var/opt/gitlab/postgresql/data] mode changed to 700
[2026-01-01T13:43:36+00:00] INFO: directory[/var/log/gitlab/postgresql] created directory /var/log/gitlab/postgresql
[2026-01-01T13:43:36+00:00] INFO: directory[/var/log/gitlab/postgresql] owner changed to 996
[2026-01-01T13:43:36+00:00] INFO: directory[/var/log/gitlab/postgresql] mode changed to 700
[2026-01-01T13:43:38+00:00] INFO: execute[/opt/gitlab/embedded/bin/initdb -D /var/opt/gitlab/postgresql/data -E UTF8] ran successfully
[2026-01-01T13:43:38+00:00] INFO: file[/var/opt/gitlab/postgresql/data/server.crt] created file /var/opt/gitlab/postgresql/data/server.crt
[2026-01-01T13:43:38+00:00] INFO: file[/var/opt/gitlab/postgresql/data/server.crt] updated file contents /var/opt/gitlab/postgresql/data/server.crt
[2026-01-01T13:43:38+00:00] INFO: file[/var/opt/gitlab/postgresql/data/server.crt] owner changed to 996
[2026-01-01T13:43:38+00:00] INFO: file[/var/opt/gitlab/postgresql/data/server.crt] group changed to 996
[2026-01-01T13:43:38+00:00] INFO: file[/var/opt/gitlab/postgresql/data/server.crt] mode changed to 400
[2026-01-01T13:43:38+00:00] INFO: file[/var/opt/gitlab/postgresql/data/server.key] created file /var/opt/gitlab/postgresql/data/server.key
[2026-01-01T13:43:38+00:00] INFO: file[/var/opt/gitlab/postgresql/data/server.key] updated file contents /var/opt/gitlab/postgresql/data/server.key
[2026-01-01T13:43:38+00:00] INFO: file[/var/opt/gitlab/postgresql/data/server.key] owner changed to 996
[2026-01-01T13:43:38+00:00] INFO: file[/var/opt/gitlab/postgresql/data/server.key] group changed to 996
[2026-01-01T13:43:38+00:00] INFO: file[/var/opt/gitlab/postgresql/data/server.key] mode changed to 400
[2026-01-01T13:43:38+00:00] INFO: template[/var/opt/gitlab/postgresql/data/postgresql.conf] backed up to /opt/gitlab/embedded/cookbooks/cache/backup/var/opt/gitlab/postgresql/data/postgresql.conf.chef-20260101134338.419722
[2026-01-01T13:43:38+00:00] INFO: template[/var/opt/gitlab/postgresql/data/postgresql.conf] updated file contents /var/opt/gitlab/postgresql/data/postgresql.conf
[2026-01-01T13:43:38+00:00] INFO: template[/var/opt/gitlab/postgresql/data/postgresql.conf] mode changed to 644
[2026-01-01T13:43:38+00:00] INFO: template[/var/opt/gitlab/postgresql/data/runtime.conf] created file /var/opt/gitlab/postgresql/data/runtime.conf
[2026-01-01T13:43:38+00:00] INFO: template[/var/opt/gitlab/postgresql/data/runtime.conf] updated file contents /var/opt/gitlab/postgresql/data/runtime.conf
[2026-01-01T13:43:38+00:00] INFO: template[/var/opt/gitlab/postgresql/data/runtime.conf] owner changed to 996
[2026-01-01T13:43:38+00:00] INFO: template[/var/opt/gitlab/postgresql/data/runtime.conf] mode changed to 644
[2026-01-01T13:43:38+00:00] INFO: template[/var/opt/gitlab/postgresql/data/pg_hba.conf] backed up to /opt/gitlab/embedded/cookbooks/cache/backup/var/opt/gitlab/postgresql/data/pg_hba.conf.chef-20260101134338.490331
[2026-01-01T13:43:38+00:00] INFO: template[/var/opt/gitlab/postgresql/data/pg_hba.conf] updated file contents /var/opt/gitlab/postgresql/data/pg_hba.conf
[2026-01-01T13:43:38+00:00] INFO: template[/var/opt/gitlab/postgresql/data/pg_hba.conf] mode changed to 644
[2026-01-01T13:43:38+00:00] INFO: template[/var/opt/gitlab/postgresql/data/pg_ident.conf] backed up to /opt/gitlab/embedded/cookbooks/cache/backup/var/opt/gitlab/postgresql/data/pg_ident.conf.chef-20260101134338.501555
[2026-01-01T13:43:38+00:00] INFO: template[/var/opt/gitlab/postgresql/data/pg_ident.conf] updated file contents /var/opt/gitlab/postgresql/data/pg_ident.conf
[2026-01-01T13:43:38+00:00] INFO: template[/var/opt/gitlab/postgresql/data/pg_ident.conf] mode changed to 644
[2026-01-01T13:43:38+00:00] INFO: link[/var/log/gitlab/postgresql/config] created
[2026-01-01T13:43:38+00:00] INFO: link[/opt/gitlab/service/postgresql] created
[2026-01-01T13:43:38+00:00] INFO: file[/opt/gitlab/service/postgresql/supervise/status] owner changed to 996
[2026-01-01T13:43:38+00:00] INFO: file[/opt/gitlab/service/postgresql/supervise/status] group changed to 996
[2026-01-01T13:43:38+00:00] INFO: file[/opt/gitlab/service/postgresql/supervise/status] updated atime and mtime to 2026-01-01 13:43:38 +0000
[2026-01-01T13:43:38+00:00] INFO: file[/opt/gitlab/service/postgresql/log/supervise/status] owner changed to 996
[2026-01-01T13:43:38+00:00] INFO: file[/opt/gitlab/service/postgresql/log/supervise/status] group changed to 996
[2026-01-01T13:43:38+00:00] INFO: file[/opt/gitlab/service/postgresql/log/supervise/status] updated atime and mtime to 2026-01-01 13:43:38 +0000
[2026-01-01T13:43:39+00:00] INFO: Retrying execution of execute[/opt/gitlab/bin/gitlab-ctl start postgresql], 19 attempts left
[2026-01-01T13:43:41+00:00] INFO: execute[/opt/gitlab/bin/gitlab-ctl start postgresql] ran successfully
[2026-01-01T13:43:42+00:00] INFO: execute[create gitlab postgresql user] ran successfully
[2026-01-01T13:43:42+00:00] INFO: execute[create gitlab_replicator postgresql user] ran successfully
[2026-01-01T13:43:42+00:00] INFO: execute[set options for gitlab_replicator postgresql user] ran successfully
[2026-01-01T13:43:42+00:00] INFO: execute[create database gitlabhq_production] ran successfully
[2026-01-01T13:43:43+00:00] INFO: execute[enable amcheck extension (postgresql)] ran successfully
[2026-01-01T13:43:43+00:00] INFO: execute[enable pg_trgm extension (postgresql)] ran successfully
[2026-01-01T13:43:43+00:00] INFO: execute[enable btree_gist extension (postgresql)] ran successfully
[2026-01-01T13:43:44+00:00] INFO: execute[create registry postgresql user] ran successfully
[2026-01-01T13:43:44+00:00] INFO: execute[create database registry] ran successfully
[2026-01-01T13:43:44+00:00] INFO: file[/var/opt/gitlab/postgresql/VERSION] created file /var/opt/gitlab/postgresql/VERSION
[2026-01-01T13:43:44+00:00] INFO: file[/var/opt/gitlab/postgresql/VERSION] updated file contents /var/opt/gitlab/postgresql/VERSION
[2026-01-01T13:43:44+00:00] INFO: directory[/var/opt/gitlab/gitlab-kas] created directory /var/opt/gitlab/gitlab-kas
[2026-01-01T13:43:44+00:00] INFO: directory[/var/opt/gitlab/gitlab-kas] owner changed to 998
[2026-01-01T13:43:44+00:00] INFO: directory[/var/opt/gitlab/gitlab-kas] mode changed to 700
[2026-01-01T13:43:44+00:00] INFO: directory[/var/log/gitlab/gitlab-kas] created directory /var/log/gitlab/gitlab-kas
[2026-01-01T13:43:44+00:00] INFO: directory[/var/log/gitlab/gitlab-kas] owner changed to 998
[2026-01-01T13:43:44+00:00] INFO: directory[/var/log/gitlab/gitlab-kas] mode changed to 700
[2026-01-01T13:43:44+00:00] INFO: file[/var/opt/gitlab/gitlab-kas/VERSION] created file /var/opt/gitlab/gitlab-kas/VERSION
[2026-01-01T13:43:44+00:00] INFO: file[/var/opt/gitlab/gitlab-kas/VERSION] updated file contents /var/opt/gitlab/gitlab-kas/VERSION
[2026-01-01T13:43:44+00:00] INFO: file[/var/opt/gitlab/gitlab-kas/authentication_secret_file] created file /var/opt/gitlab/gitlab-kas/authentication_secret_file
[2026-01-01T13:43:44+00:00] INFO: file[/var/opt/gitlab/gitlab-kas/authentication_secret_file] updated file contents /var/opt/gitlab/gitlab-kas/authentication_secret_file
[2026-01-01T13:43:44+00:00] INFO: file[/var/opt/gitlab/gitlab-kas/authentication_secret_file] owner changed to 0
[2026-01-01T13:43:44+00:00] INFO: file[/var/opt/gitlab/gitlab-kas/authentication_secret_file] group changed to 998
[2026-01-01T13:43:44+00:00] INFO: file[/var/opt/gitlab/gitlab-kas/authentication_secret_file] mode changed to 640
[2026-01-01T13:43:44+00:00] INFO: file[/var/opt/gitlab/gitlab-kas/private_api_authentication_secret_file] created file /var/opt/gitlab/gitlab-kas/private_api_authentication_secret_file
[2026-01-01T13:43:44+00:00] INFO: file[/var/opt/gitlab/gitlab-kas/private_api_authentication_secret_file] updated file contents /var/opt/gitlab/gitlab-kas/private_api_authentication_secret_file
[2026-01-01T13:43:44+00:00] INFO: file[/var/opt/gitlab/gitlab-kas/private_api_authentication_secret_file] owner changed to 0
[2026-01-01T13:43:44+00:00] INFO: file[/var/opt/gitlab/gitlab-kas/private_api_authentication_secret_file] group changed to 998
[2026-01-01T13:43:44+00:00] INFO: file[/var/opt/gitlab/gitlab-kas/private_api_authentication_secret_file] mode changed to 640
[2026-01-01T13:43:44+00:00] INFO: file[/var/opt/gitlab/gitlab-kas/websocket_token_secret_file] created file /var/opt/gitlab/gitlab-kas/websocket_token_secret_file
[2026-01-01T13:43:44+00:00] INFO: file[/var/opt/gitlab/gitlab-kas/websocket_token_secret_file] updated file contents /var/opt/gitlab/gitlab-kas/websocket_token_secret_file
[2026-01-01T13:43:44+00:00] INFO: file[/var/opt/gitlab/gitlab-kas/websocket_token_secret_file] owner changed to 0
[2026-01-01T13:43:44+00:00] INFO: file[/var/opt/gitlab/gitlab-kas/websocket_token_secret_file] group changed to 998
[2026-01-01T13:43:44+00:00] INFO: file[/var/opt/gitlab/gitlab-kas/websocket_token_secret_file] mode changed to 640
[2026-01-01T13:43:44+00:00] INFO: template[/var/opt/gitlab/gitlab-kas/gitlab-kas-config.yml] created file /var/opt/gitlab/gitlab-kas/gitlab-kas-config.yml
[2026-01-01T13:43:44+00:00] INFO: template[/var/opt/gitlab/gitlab-kas/gitlab-kas-config.yml] updated file contents /var/opt/gitlab/gitlab-kas/gitlab-kas-config.yml
[2026-01-01T13:43:44+00:00] INFO: template[/var/opt/gitlab/gitlab-kas/gitlab-kas-config.yml] owner changed to 0
[2026-01-01T13:43:44+00:00] INFO: template[/var/opt/gitlab/gitlab-kas/gitlab-kas-config.yml] group changed to 998
[2026-01-01T13:43:44+00:00] INFO: template[/var/opt/gitlab/gitlab-kas/gitlab-kas-config.yml] mode changed to 640
[2026-01-01T13:43:44+00:00] INFO: link[/var/log/gitlab/gitlab-kas/config] created
[2026-01-01T13:43:45+00:00] INFO: link[/opt/gitlab/service/gitlab-kas] created
[2026-01-01T13:43:45+00:00] WARN: gitlab-rails does not have a log_group or default logdir mode defined. Setting to 0700.
[2026-01-01T13:44:36+00:00] INFO: Running queued delayed notifications before re-raising exception
[2026-01-01T13:44:36+00:00] INFO: templatesymlink[Create a gitlab.yml and create a symlink to Rails root] sending run action to execute[clear the gitlab-rails cache] (delayed)
[2026-01-01T13:45:27+00:00] INFO: execute[clear the gitlab-rails cache] ran successfully
[2026-01-01T13:45:27+00:00] INFO: version_file[Create version file for Gitaly] sending hup action to runit_service[gitaly] (delayed)
[2026-01-01T13:45:27+00:00] INFO: runit_service[gitaly] signalled (HUP)
[2026-01-01T13:45:27+00:00] INFO: runit_service[gitaly] sent hup
[2026-01-01T13:45:27+00:00] ERROR: Running exception handlers
[2026-01-01T13:45:27+00:00] ERROR: Exception handlers complete
[2026-01-01T13:45:27+00:00] FATAL: Stacktrace dumped to /opt/gitlab/embedded/cookbooks/cache/cinc-stacktrace.out
[2026-01-01T13:45:27+00:00] FATAL: ---------------------------------------------------------------------------------------
[2026-01-01T13:45:27+00:00] FATAL: PLEASE PROVIDE THE CONTENTS OF THE stacktrace.out FILE (above) IF YOU FILE A BUG REPORT
[2026-01-01T13:45:27+00:00] FATAL: ---------------------------------------------------------------------------------------
[2026-01-01T13:45:27+00:00] FATAL: Mixlib::ShellOut::ShellCommandFailed: rails_migration[gitlab-rails] (gitlab::database_migrations line 51) had an error: Mixlib::ShellOut::ShellCommandFailed: bash_hide_env[migrate gitlab-rails database] (gitlab::database_migrations line 20) had an error: Mixlib::ShellOut::ShellCommandFailed: Expected process to exit with [0], but received '1'
---- Begin output of "bash"  ----
STDOUT: Skipping Topology Service health check due to the cell being disabled
Running db:schema:load rake task
psql:/opt/gitlab/embedded/service/gitlab-rails/db/structure.sql:9: NOTICE:  extension "btree_gist" already exists, skipping
psql:/opt/gitlab/embedded/service/gitlab-rails/db/structure.sql:11: NOTICE:  extension "pg_trgm" already exists, skipping
Skipping altering cell sequences range due to the cell being disabled

== Seed from /opt/gitlab/embedded/service/gitlab-rails/db/fixtures/production/001_application_settings.rb
Creating the default ApplicationSetting record.
== /opt/gitlab/embedded/service/gitlab-rails/db/fixtures/production/001_application_settings.rb took 1.43 seconds

== Seed from /opt/gitlab/embedded/service/gitlab-rails/db/fixtures/production/002_default_organization.rb

OK
== /opt/gitlab/embedded/service/gitlab-rails/db/fixtures/production/002_default_organization.rb took 0.02 seconds

== Seed from /opt/gitlab/embedded/service/gitlab-rails/db/fixtures/production/003_admin.rb
Could not create the default administrator account:

--> Password must not contain commonly used combinations of words and letters
STDERR: 
---- End output of "bash"  ----
Ran "bash"  returned 1
